2016-11-10 10:48:08 INFO   [base.SetUpProAndBrowser] [main] 75: property file C:\GitHub\MyAutoTest\.\conf\system.properties is loaded!!
2016-11-10 10:48:27 INFO   [base.SetUpProAndBrowser] [main] 52: ChromeDriver has been started!
2016-11-10 10:48:39 INFO   [base.MyWebDriverEventListener] [main] 61: Navigate to the url is :https://www.baidu.com
2016-11-10 10:48:40 ERROR  [base.MyTestngListener] [main] 22: expected [baidu] but found [百度一下]
2016-11-10 10:48:47 INFO   [base.MyTestngListener] [main] 42: 用例testcase.DebugCase2执行失败，截图路径：./test-output/errorImage\2016_11_10_10_48_40.jpg
2016-11-10 10:48:47 INFO   [base.MyTestngRetry] [main] 17: test will be retried!!!
2016-11-10 10:48:48 INFO   [base.MyWebDriverEventListener] [main] 61: Navigate to the url is :https://www.baidu.com
2016-11-10 10:48:49 ERROR  [base.MyTestngListener] [main] 22: expected [baidu] but found [百度一下]
2016-11-10 10:48:49 INFO   [base.MyTestngListener] [main] 42: 用例testcase.DebugCase2执行失败，截图路径：./test-output/errorImage\2016_11_10_10_48_49.jpg
2016-11-10 10:48:49 INFO   [testcase.DebugCase2] [main] 33: broswer is tear down!
2016-11-10 10:51:00 INFO   [base.SetUpProAndBrowser] [main] 75: property file C:\GitHub\MyAutoTest\.\conf\system.properties is loaded!!
2016-11-10 10:51:08 INFO   [base.SetUpProAndBrowser] [main] 52: ChromeDriver has been started!
2016-11-10 10:51:15 INFO   [base.MyWebDriverEventListener] [main] 61: Navigate to the url is :https://www.baidu.com
2016-11-10 10:51:15 ERROR  [base.MyTestngListener] [main] 22: expected [baidu] but found [百度一下]
2016-11-10 10:51:19 INFO   [base.MyTestngListener] [main] 42: 用例testcase.DebugCase2执行失败，截图路径：./test-output/errorImage\2016_11_10_10_51_16.jpg
2016-11-10 10:51:19 INFO   [base.MyTestngRetry] [main] 17: test will be retried!!!
2016-11-10 10:51:21 INFO   [base.MyWebDriverEventListener] [main] 61: Navigate to the url is :https://www.baidu.com
2016-11-10 10:51:22 ERROR  [base.MyTestngListener] [main] 22: expected [baidu] but found [百度一下]
2016-11-10 10:51:22 INFO   [base.MyTestngListener] [main] 42: 用例testcase.DebugCase2执行失败，截图路径：./test-output/errorImage\2016_11_10_10_51_22.jpg
2016-11-10 10:51:22 INFO   [testcase.DebugCase2] [main] 33: broswer is tear down!
2016-11-10 10:56:50 INFO   [base.SetUpProAndBrowser] [main] 75: property file C:\GitHub\MyAutoTest\.\conf\system.properties is loaded!!
2016-11-10 10:56:57 INFO   [base.SetUpProAndBrowser] [main] 52: ChromeDriver has been started!
2016-11-10 10:57:00 INFO   [base.MyWebDriverEventListener] [main] 61: Navigate to the url is :https://www.baidu.com
2016-11-10 10:57:02 ERROR  [base.MyTestngListener] [main] 22: expected [baidu] but found [百度一下]
2016-11-10 10:57:02 ERROR  [base.MyTestngListener] [main] 23: java.lang.AssertionError: expected [baidu] but found [百度一下]
2016-11-10 10:57:05 INFO   [base.MyTestngListener] [main] 43: 用例testcase.DebugCase2执行失败，截图路径：./test-output/errorImage\2016_11_10_10_57_02.jpg
2016-11-10 10:57:05 INFO   [base.MyTestngRetry] [main] 17: test will be retried!!!
2016-11-10 10:57:07 INFO   [base.MyWebDriverEventListener] [main] 61: Navigate to the url is :https://www.baidu.com
2016-11-10 10:57:07 ERROR  [base.MyTestngListener] [main] 22: expected [baidu] but found [百度一下]
2016-11-10 10:57:07 ERROR  [base.MyTestngListener] [main] 23: java.lang.AssertionError: expected [baidu] but found [百度一下]
2016-11-10 10:57:08 INFO   [base.MyTestngListener] [main] 43: 用例testcase.DebugCase2执行失败，截图路径：./test-output/errorImage\2016_11_10_10_57_07.jpg
2016-11-10 10:57:08 INFO   [testcase.DebugCase2] [main] 33: broswer is tear down!
2016-11-10 11:12:43 INFO   [base.SetUpProAndBrowser] [main] 75: property file C:\GitHub\MyAutoTest\.\conf\system.properties is loaded!!
2016-11-10 11:12:49 INFO   [base.SetUpProAndBrowser] [main] 52: ChromeDriver has been started!
2016-11-10 11:12:53 INFO   [base.MyWebDriverEventListener] [main] 61: Navigate to the url is :https://www.baidu.com
2016-11-10 11:12:53 INFO   [testcase.DebugCase2] [main] 34: broswer is tear down!
2016-11-10 11:14:04 INFO   [base.SetUpProAndBrowser] [main] 75: property file C:\GitHub\MyAutoTest\.\conf\system.properties is loaded!!
2016-11-10 11:14:12 INFO   [base.SetUpProAndBrowser] [main] 52: ChromeDriver has been started!
2016-11-10 11:14:16 INFO   [base.MyWebDriverEventListener] [main] 61: Navigate to the url is :https://www.baidu.com
2016-11-10 11:14:16 ERROR  [base.MyTestngListener] [main] 22: expected [baidu] but found [百度一下]
2016-11-10 11:14:20 INFO   [base.MyTestngListener] [main] 42: 用例testcase.DebugCase2执行失败，截图路径：./test-output/errorImage\2016_11_10_11_14_17.jpg
2016-11-10 11:14:20 INFO   [base.MyTestngRetry] [main] 17: test will be retried!!!
2016-11-10 11:14:21 INFO   [base.MyWebDriverEventListener] [main] 61: Navigate to the url is :https://www.baidu.com
2016-11-10 11:14:21 ERROR  [base.MyTestngListener] [main] 22: expected [baidu] but found [百度一下]
2016-11-10 11:14:23 INFO   [base.MyTestngListener] [main] 42: 用例testcase.DebugCase2执行失败，截图路径：./test-output/errorImage\2016_11_10_11_14_23.jpg
2016-11-10 11:14:23 INFO   [testcase.DebugCase2] [main] 34: broswer is tear down!
2016-11-10 11:15:58 INFO   [base.SetUpProAndBrowser] [main] 75: property file C:\GitHub\MyAutoTest\.\conf\system.properties is loaded!!
2016-11-10 11:16:04 INFO   [base.SetUpProAndBrowser] [main] 52: ChromeDriver has been started!
2016-11-10 11:16:08 INFO   [base.MyWebDriverEventListener] [main] 61: Navigate to the url is :https://www.baidu.com
2016-11-10 11:16:09 ERROR  [base.MyTestngListener] [main] 22: expected [baidu] but found [百度一下]
2016-11-10 11:16:14 INFO   [base.MyTestngListener] [main] 42: 用例testcase.DebugCase2执行失败，截图路径：./test-output/errorImage\2016_11_10_11_16_10.jpg
2016-11-10 11:16:14 INFO   [base.MyTestngRetry] [main] 17: test will be retried!!!
2016-11-10 11:16:16 INFO   [base.MyWebDriverEventListener] [main] 61: Navigate to the url is :https://www.baidu.com
2016-11-10 11:16:16 ERROR  [base.MyTestngListener] [main] 22: expected [baidu] but found [百度一下]
2016-11-10 11:16:17 INFO   [base.MyTestngListener] [main] 42: 用例testcase.DebugCase2执行失败，截图路径：./test-output/errorImage\2016_11_10_11_16_17.jpg
2016-11-10 11:16:17 INFO   [testcase.DebugCase2] [main] 34: broswer is tear down!
2016-11-10 14:25:55 INFO   [base.SetUpProAndBrowser] [main] 76: property file C:\GitHub\MyAutoTest\.\conf\system.properties is loaded!!
2016-11-10 14:26:02 INFO   [base.SetUpProAndBrowser] [main] 53: ChromeDriver has been started!
2016-11-10 14:26:12 INFO   [base.TestCaseListener] [main] 76: Navigate to the url is :https://www.baidu.com
2016-11-10 14:26:12 ERROR  [base.TestCaseListener] [main] 97: expected [baidu] but found [百度一下]
2016-11-10 14:26:15 INFO   [base.TestCaseListener] [main] 116: 用例testcase.DebugCase2执行失败，截图路径：./test-output/errorImage\2016_11_10_14_26_12.jpg
2016-11-10 14:26:15 INFO   [base.MyTestngRetry] [main] 17: test will be retried!!!
2016-11-10 14:26:17 INFO   [base.TestCaseListener] [main] 76: Navigate to the url is :https://www.baidu.com
2016-11-10 14:26:17 ERROR  [base.TestCaseListener] [main] 97: expected [baidu] but found [百度一下]
2016-11-10 14:26:18 INFO   [base.TestCaseListener] [main] 116: 用例testcase.DebugCase2执行失败，截图路径：./test-output/errorImage\2016_11_10_14_26_18.jpg
2016-11-10 14:26:18 INFO   [testcase.DebugCase2] [main] 34: broswer is tear down!
2016-11-10 14:44:19 INFO   [base.SetUpProAndBrowser] [main] 76: property file C:\GitHub\MyAutoTest\.\conf\system.properties is loaded!!
2016-11-10 14:44:27 INFO   [base.SetUpProAndBrowser] [main] 53: ChromeDriver has been started!
2016-11-10 14:44:33 INFO   [base.TestCaseListener] [main] 89: Navigate to the url is :https://www.baidu.com
2016-11-10 14:44:33 ERROR  [base.TestCaseListener] [main] 110: expected [baidu] but found [百度一下]
2016-11-10 14:44:36 INFO   [base.TestCaseListener] [main] 129: 用例testcase.DebugCase2执行失败，截图路径：./test-output/errorImage\2016_11_10_14_44_34.jpg
2016-11-10 14:44:36 INFO   [base.TestCaseListener] [main] 208: test will be retried!!!
2016-11-10 14:44:38 INFO   [base.TestCaseListener] [main] 89: Navigate to the url is :https://www.baidu.com
2016-11-10 14:44:38 ERROR  [base.TestCaseListener] [main] 110: expected [baidu] but found [百度一下]
2016-11-10 14:44:39 INFO   [base.TestCaseListener] [main] 129: 用例testcase.DebugCase2执行失败，截图路径：./test-output/errorImage\2016_11_10_14_44_39.jpg
2016-11-10 14:44:39 INFO   [testcase.DebugCase2] [main] 34: broswer is tear down!
2016-11-10 15:01:27 INFO   [base.SetUpProAndBrowser] [main] 76: property file C:\GitHub\MyAutoTest\.\conf\system.properties is loaded!!
2016-11-10 15:01:34 INFO   [base.SetUpProAndBrowser] [main] 53: ChromeDriver has been started!
2016-11-10 15:01:38 INFO   [base.TestCaseListener] [main] 89: Navigate to the url is :https://www.baidu.com
2016-11-10 15:01:39 ERROR  [base.TestCaseListener] [main] 110: expected [baidu] but found [百度一下]
2016-11-10 15:01:42 INFO   [base.TestCaseListener] [main] 120: 用例testcase.DebugCase2执行失败，截图路径：./test-output/errorImage\2016_11_10_15_01_39.jpg
2016-11-10 15:01:42 INFO   [base.TestCaseListener] [main] 199: test will be retried!!!
2016-11-10 15:01:44 INFO   [base.TestCaseListener] [main] 89: Navigate to the url is :https://www.baidu.com
2016-11-10 15:01:44 ERROR  [base.TestCaseListener] [main] 110: expected [baidu] but found [百度一下]
2016-11-10 15:01:45 INFO   [base.TestCaseListener] [main] 120: 用例testcase.DebugCase2执行失败，截图路径：./test-output/errorImage\2016_11_10_15_01_44.jpg
2016-11-10 15:01:45 INFO   [base.TestCaseListener] [main] 199: test will be retried!!!
2016-11-10 15:01:46 INFO   [base.TestCaseListener] [main] 89: Navigate to the url is :https://www.baidu.com
2016-11-10 15:01:46 ERROR  [base.TestCaseListener] [main] 110: expected [baidu] but found [百度一下]
2016-11-10 15:01:47 INFO   [base.TestCaseListener] [main] 120: 用例testcase.DebugCase2执行失败，截图路径：./test-output/errorImage\2016_11_10_15_01_47.jpg
2016-11-10 15:01:47 INFO   [base.TestCaseListener] [main] 199: test will be retried!!!
2016-11-10 15:01:49 INFO   [base.TestCaseListener] [main] 89: Navigate to the url is :https://www.baidu.com
2016-11-10 15:01:49 ERROR  [base.TestCaseListener] [main] 110: expected [baidu] but found [百度一下]
2016-11-10 15:01:50 INFO   [base.TestCaseListener] [main] 120: 用例testcase.DebugCase2执行失败，截图路径：./test-output/errorImage\2016_11_10_15_01_49.jpg
2016-11-10 15:01:50 INFO   [testcase.DebugCase2] [main] 34: broswer is tear down!
2016-11-10 15:08:16 INFO   [base.TestProperties] [main] 21: property file C:\GitHub\MyAutoTest\.\conf\system.properties is loaded!!
2016-11-10 15:08:17 INFO   [base.TestProperties] [main] 21: property file C:\GitHub\MyAutoTest\.\conf\system.properties is loaded!!
2016-11-10 15:08:24 INFO   [base.SetUpProAndBrowser] [main] 53: ChromeDriver has been started!
2016-11-10 15:08:28 INFO   [base.TestCaseListener] [main] 89: Navigate to the url is :https://www.baidu.com
2016-11-10 15:08:28 ERROR  [base.TestCaseListener] [main] 110: expected [baidu] but found [百度一下]
2016-11-10 15:08:32 INFO   [base.TestCaseListener] [main] 120: 用例testcase.DebugCase2执行失败，截图路径：./test-output/errorImage\2016_11_10_15_08_29.jpg
2016-11-10 15:08:32 INFO   [base.TestCaseListener] [main] 199: test will be retried!!!Current retry number is 1
2016-11-10 15:08:33 INFO   [base.TestCaseListener] [main] 89: Navigate to the url is :https://www.baidu.com
2016-11-10 15:08:33 ERROR  [base.TestCaseListener] [main] 110: expected [baidu] but found [百度一下]
2016-11-10 15:08:34 INFO   [base.TestCaseListener] [main] 120: 用例testcase.DebugCase2执行失败，截图路径：./test-output/errorImage\2016_11_10_15_08_34.jpg
2016-11-10 15:08:34 INFO   [base.TestCaseListener] [main] 199: test will be retried!!!Current retry number is 2
2016-11-10 15:08:37 INFO   [base.TestCaseListener] [main] 89: Navigate to the url is :https://www.baidu.com
2016-11-10 15:08:37 ERROR  [base.TestCaseListener] [main] 110: expected [baidu] but found [百度一下]
2016-11-10 15:08:37 INFO   [base.TestCaseListener] [main] 120: 用例testcase.DebugCase2执行失败，截图路径：./test-output/errorImage\2016_11_10_15_08_37.jpg
2016-11-10 15:08:38 INFO   [testcase.DebugCase2] [main] 34: broswer is tear down!
2016-11-10 15:15:53 INFO   [base.TestProperties] [main] 20: property file C:\GitHub\MyAutoTest\.\conf\system.properties is loaded!!
2016-11-10 15:15:53 INFO   [base.TestProperties] [main] 20: property file C:\GitHub\MyAutoTest\.\conf\system.properties is loaded!!
2016-11-10 15:16:00 INFO   [base.SetUpProAndBrowser] [main] 49: ChromeDriver has been started!
2016-11-10 15:16:04 INFO   [base.TestCaseListener] [main] 82: Navigate to the url is :https://www.baidu.com
2016-11-10 15:16:04 INFO   [base.TestCaseListener] [main] 124: 用例testcase.DebugCase2执行成功了
2016-11-10 15:16:05 INFO   [testcase.DebugCase2] [main] 34: broswer is tear down!
2016-11-10 15:18:35 INFO   [base.TestProperties] [main] 20: property file C:\GitHub\MyAutoTest\.\conf\system.properties is loaded!!
2016-11-10 15:18:35 INFO   [base.TestProperties] [main] 20: property file C:\GitHub\MyAutoTest\.\conf\system.properties is loaded!!
2016-11-10 15:18:42 INFO   [base.SetUpProAndBrowser] [main] 49: ChromeDriver has been started!
2016-11-10 15:18:46 INFO   [base.TestCaseListener] [main] 82: Navigate to the url is :https://www.baidu.com
2016-11-10 15:18:47 INFO   [base.TestCaseListener] [main] 124: 用例testcase.DebugCase2.DebugCase2.test()[pri:0, instance:testcase.DebugCase2@e3b889b]执行成功了
2016-11-10 15:18:47 INFO   [testcase.DebugCase2] [main] 34: broswer is tear down!
2016-11-10 15:22:12 INFO   [base.TestProperties] [main] 20: property file C:\GitHub\MyAutoTest\.\conf\system.properties is loaded!!
2016-11-10 15:22:13 INFO   [base.TestProperties] [main] 20: property file C:\GitHub\MyAutoTest\.\conf\system.properties is loaded!!
2016-11-10 15:22:21 INFO   [base.SetUpProAndBrowser] [main] 49: ChromeDriver has been started!
2016-11-10 15:22:22 INFO   [testcase.DebugCase2] [main] 34: broswer is tear down!
2016-11-10 15:24:17 INFO   [base.TestProperties] [main] 20: property file C:\GitHub\MyAutoTest\.\conf\system.properties is loaded!!
2016-11-10 15:24:18 INFO   [base.TestProperties] [main] 20: property file C:\GitHub\MyAutoTest\.\conf\system.properties is loaded!!
2016-11-10 15:24:24 INFO   [base.SetUpProAndBrowser] [main] 49: ChromeDriver has been started!
2016-11-10 15:24:31 INFO   [base.TestCaseListener] [main] 82: Navigate to the url is :https://www.baidu.com
2016-11-10 15:24:32 INFO   [base.TestCaseListener] [main] 124: 用例DebugCase2.test()[pri:0, instance:testcase.DebugCase2@2222537a]执行成功了
2016-11-10 15:24:32 INFO   [base.TestCaseListener] [main] 59: 即将点击按钮：百度一下
2016-11-10 15:24:36 INFO   [base.TestCaseListener] [main] 76: afterClickOn is worked!
2016-11-10 15:24:36 INFO   [base.TestCaseListener] [main] 124: 用例DebugCase2.test2()[pri:0, instance:testcase.DebugCase2@2222537a]执行成功了
2016-11-10 15:24:36 INFO   [testcase.DebugCase2] [main] 34: broswer is tear down!
2016-11-10 16:04:06 INFO   [base.TestProperties] [main] 20: property file C:\GitHub\MyAutoTest\.\conf\system.properties is loaded!!
2016-11-10 16:04:06 INFO   [base.TestProperties] [main] 20: property file C:\GitHub\MyAutoTest\.\conf\system.properties is loaded!!
2016-11-10 16:04:13 INFO   [base.SetUpProAndBrowser] [main] 49: ChromeDriver has been started!
2016-11-10 16:04:18 INFO   [base.TestCaseListener] [main] 83: Navigate to the url is :https://www.baidu.com
2016-11-10 16:04:18 INFO   [base.TestCaseListener] [main] 125: 用例DebugCase2.test()[pri:0, instance:testcase.DebugCase2@466ffb14]执行成功了
2016-11-10 16:04:18 INFO   [base.TestCaseListener] [main] 126: []
2016-11-10 16:04:18 INFO   [base.TestCaseListener] [main] 60: 即将点击按钮：百度一下
2016-11-10 16:04:22 INFO   [base.TestCaseListener] [main] 77: afterClickOn is worked!
2016-11-10 16:04:22 INFO   [base.TestCaseListener] [main] 125: 用例DebugCase2.test2()[pri:0, instance:testcase.DebugCase2@466ffb14]执行成功了
2016-11-10 16:04:22 INFO   [base.TestCaseListener] [main] 126: []
2016-11-10 16:04:22 INFO   [testcase.DebugCase2] [main] 34: broswer is tear down!
2016-11-10 16:42:01 INFO   [base.TestProperties] [main] 20: property file C:\GitHub\MyAutoTest\.\conf\system.properties is loaded!!
2016-11-10 16:42:01 INFO   [base.TestProperties] [main] 20: property file C:\GitHub\MyAutoTest\.\conf\system.properties is loaded!!
2016-11-10 16:42:11 INFO   [base.SetUpProAndBrowser] [main] 49: ChromeDriver has been started!
2016-11-10 16:42:17 INFO   [base.TestCaseListener] [main] 85: Navigate to the url is :https://www.baidu.com
2016-11-10 16:42:18 INFO   [base.TestCaseListener] [main] 127: 用例DebugCase2.test()[pri:0, instance:testcase.DebugCase2@53a41860]执行成功了
2016-11-10 16:42:18 INFO   [base.TestCaseListener] [main] 128: []
2016-11-10 16:42:41 INFO   [base.TestCaseListener] [main] 62: 即将点击按钮：百度一下
2016-11-10 16:42:46 INFO   [base.TestCaseListener] [main] 79: afterClickOn is worked!
2016-11-10 16:42:46 INFO   [base.TestCaseListener] [main] 127: 用例DebugCase2.test2()[pri:0, instance:testcase.DebugCase2@53a41860]执行成功了
2016-11-10 16:42:46 INFO   [base.TestCaseListener] [main] 128: []
2016-11-10 16:42:46 INFO   [testcase.DebugCase2] [main] 34: broswer is tear down!
2016-11-10 16:43:09 INFO   [base.TestProperties] [main] 20: property file C:\GitHub\MyAutoTest\.\conf\system.properties is loaded!!
2016-11-10 16:43:10 INFO   [base.TestProperties] [main] 20: property file C:\GitHub\MyAutoTest\.\conf\system.properties is loaded!!
2016-11-10 16:43:57 INFO   [base.SetUpProAndBrowser] [main] 56: IEDriver has been started!
2016-11-10 16:44:04 INFO   [base.TestCaseListener] [main] 85: Navigate to the url is :https://www.baidu.com
2016-11-10 16:44:05 INFO   [base.TestCaseListener] [main] 127: 用例DebugCase2.test()[pri:0, instance:testcase.DebugCase2@55b3a564]执行成功了
2016-11-10 16:44:05 INFO   [base.TestCaseListener] [main] 128: []
2016-11-10 16:48:26 INFO   [base.TestCaseListener] [main] 62: 即将点击按钮：百度一下
2016-11-10 16:48:29 INFO   [base.TestCaseListener] [main] 79: afterClickOn is worked!
2016-11-10 16:48:29 INFO   [base.TestCaseListener] [main] 127: 用例DebugCase2.test2()[pri:0, instance:testcase.DebugCase2@55b3a564]执行成功了
2016-11-10 16:48:29 INFO   [base.TestCaseListener] [main] 128: []
2016-11-10 16:48:29 INFO   [testcase.DebugCase2] [main] 34: broswer is tear down!
2016-11-10 16:51:25 INFO   [base.TestProperties] [main] 20: property file C:\GitHub\MyAutoTest\.\conf\system.properties is loaded!!
2016-11-10 16:51:26 INFO   [base.TestProperties] [main] 20: property file C:\GitHub\MyAutoTest\.\conf\system.properties is loaded!!
2016-11-10 16:51:50 INFO   [base.SetUpProAndBrowser] [main] 56: IEDriver has been started!
2016-11-10 16:51:52 INFO   [base.TestCaseListener] [main] 85: Navigate to the url is :https://www.baidu.com
2016-11-10 16:51:53 INFO   [base.TestCaseListener] [main] 127: 用例DebugCase2.test()[pri:0, instance:testcase.DebugCase2@55b3a564]执行成功了
2016-11-10 16:51:53 INFO   [base.TestCaseListener] [main] 128: []
2016-11-10 16:53:54 INFO   [base.TestCaseListener] [main] 62: 即将点击按钮：百度一下
2016-11-10 16:53:58 INFO   [base.TestCaseListener] [main] 79: afterClickOn is worked!
2016-11-10 16:53:58 INFO   [base.TestCaseListener] [main] 127: 用例DebugCase2.test2()[pri:0, instance:testcase.DebugCase2@55b3a564]执行成功了
2016-11-10 16:53:58 INFO   [base.TestCaseListener] [main] 128: []
2016-11-10 16:53:58 INFO   [testcase.DebugCase2] [main] 34: broswer is tear down!
2016-11-10 17:04:51 INFO   [base.TestProperties] [main] 20: property file C:\GitHub\MyAutoTest\.\conf\system.properties is loaded!!
2016-11-10 17:04:52 INFO   [base.TestProperties] [main] 20: property file C:\GitHub\MyAutoTest\.\conf\system.properties is loaded!!
2016-11-10 17:05:10 INFO   [base.SetUpProAndBrowser] [main] 49: ChromeDriver has been started!
2016-11-10 17:05:17 INFO   [base.TestCaseListener] [TestNG] 84: Navigate to the url is :http://192.168.186.66
2016-11-10 17:05:17 INFO   [base.TestCaseListener] [TestNG] 84: Navigate to the url is :http://192.168.186.66
2016-11-10 17:05:18 INFO   [base.TestCaseListener] [TestNG] 84: Navigate to the url is :http://192.168.186.66
2016-11-10 17:05:18 INFO   [base.TestCaseListener] [TestNG] 42: beforeChangeValueOf is worked!
2016-11-10 17:05:18 INFO   [base.TestCaseListener] [TestNG] 42: beforeChangeValueOf is worked!
2016-11-10 17:05:19 INFO   [base.TestCaseListener] [TestNG] 42: beforeChangeValueOf is worked!
2016-11-10 17:05:20 INFO   [base.TestCaseListener] [TestNG] 42: beforeChangeValueOf is worked!
2016-11-10 17:05:20 INFO   [base.TestCaseListener] [TestNG] 42: beforeChangeValueOf is worked!
2016-11-10 17:05:21 INFO   [base.TestCaseListener] [TestNG] 42: beforeChangeValueOf is worked!
2016-11-10 17:05:23 INFO   [base.TestCaseListener] [TestNG] 61: 即将点击按钮：登 录
2016-11-10 17:05:23 INFO   [base.TestCaseListener] [TestNG] 61: 即将点击按钮：登 录
2016-11-10 17:05:25 ERROR  [base.TestCaseListener] [TestNG] 93: 获取到的错误方法是：testcase.DebugCase.loginAmr
2016-11-10 17:05:25 ERROR  [base.TestCaseListener] [TestNG] 97: stale element reference: element is not attached to the page document
  (Session info: chrome=53.0.2785.143)
  (Driver info: chromedriver=2.19.346078 (6f1f0cde889532d48ce8242342d0b84f94b114a1),platform=Windows NT 6.1 SP1 x86_64) (WARNING: The server did not provide any stacktrace information)
Command duration or timeout: 1.35 seconds
For documentation on this error, please visit: http://seleniumhq.org/exceptions/stale_element_reference.html
Build info: version: '2.45.0', revision: '32a636c', time: '2015-03-05 22:01:35'
System info: host: 'JOLIN-20150326Q', ip: '192.168.15.0', os.name: 'Windows 7', os.arch: 'amd64', os.version: '6.1', java.version: '1.7.0_67'
Session ID: c45960eed42a4f29c4e6acd60537a63f
Driver info: org.openqa.selenium.chrome.ChromeDriver
Capabilities [{platform=XP, acceptSslCerts=true, javascriptEnabled=true, browserName=chrome, chrome={userDataDir=C:\Users\ADMINI~1\AppData\Local\Temp\scoped_dir7584_18057}, rotatable=false, locationContextEnabled=true, mobileEmulationEnabled=false, version=53.0.2785.143, takesHeapSnapshot=true, cssSelectorsEnabled=true, databaseEnabled=false, handlesAlerts=true, browserConnectionEnabled=false, webStorageEnabled=true, nativeEvents=true, hasTouchScreen=false, applicationCacheEnabled=false, takesScreenshot=true}]
2016-11-10 17:05:25 ERROR  [base.TestCaseListener] [TestNG] 105: stale element reference: element is not attached to the page document
  (Session info: chrome=53.0.2785.143)
  (Driver info: chromedriver=2.19.346078 (6f1f0cde889532d48ce8242342d0b84f94b114a1),platform=Windows NT 6.1 SP1 x86_64) (WARNING: The server did not provide any stacktrace information)
Command duration or timeout: 1.35 seconds
For documentation on this error, please visit: http://seleniumhq.org/exceptions/stale_element_reference.html
Build info: version: '2.45.0', revision: '32a636c', time: '2015-03-05 22:01:35'
System info: host: 'JOLIN-20150326Q', ip: '192.168.15.0', os.name: 'Windows 7', os.arch: 'amd64', os.version: '6.1', java.version: '1.7.0_67'
Session ID: c45960eed42a4f29c4e6acd60537a63f
Driver info: org.openqa.selenium.chrome.ChromeDriver
Capabilities [{platform=XP, acceptSslCerts=true, javascriptEnabled=true, browserName=chrome, chrome={userDataDir=C:\Users\ADMINI~1\AppData\Local\Temp\scoped_dir7584_18057}, rotatable=false, locationContextEnabled=true, mobileEmulationEnabled=false, version=53.0.2785.143, takesHeapSnapshot=true, cssSelectorsEnabled=true, databaseEnabled=false, handlesAlerts=true, browserConnectionEnabled=false, webStorageEnabled=true, nativeEvents=true, hasTouchScreen=false, applicationCacheEnabled=false, takesScreenshot=true}]
2016-11-10 17:05:26 INFO   [base.TestCaseListener] [TestNG] 61: 即将点击按钮：登 录
2016-11-10 17:05:26 INFO   [base.TestCaseListener] [TestNG] 78: afterClickOn is worked!
2016-11-10 17:05:53 INFO   [base.TestProperties] [main] 20: property file C:\GitHub\MyAutoTest\.\conf\system.properties is loaded!!
2016-11-10 17:05:54 INFO   [base.TestProperties] [main] 20: property file C:\GitHub\MyAutoTest\.\conf\system.properties is loaded!!
2016-11-10 17:06:18 INFO   [base.TestProperties] [main] 20: property file C:\GitHub\MyAutoTest\.\conf\system.properties is loaded!!
2016-11-10 17:06:19 INFO   [base.TestProperties] [main] 20: property file C:\GitHub\MyAutoTest\.\conf\system.properties is loaded!!
2016-11-10 17:06:26 INFO   [base.SetUpProAndBrowser] [main] 49: ChromeDriver has been started!
2016-11-10 17:06:28 INFO   [base.TestCaseListener] [main] 84: Navigate to the url is :http://192.168.186.66
2016-11-10 17:06:29 INFO   [base.TestCaseListener] [main] 42: beforeChangeValueOf is worked!
2016-11-10 17:06:31 INFO   [base.TestCaseListener] [main] 42: beforeChangeValueOf is worked!
2016-11-10 17:06:32 INFO   [base.TestCaseListener] [main] 61: 即将点击按钮：登 录
2016-11-10 17:06:38 INFO   [base.TestCaseListener] [main] 78: afterClickOn is worked!
2016-11-10 17:06:49 ERROR  [base.TestCaseListener] [main] 93: 获取到的错误方法是：testcase.DebugCase.loginAmr
2016-11-10 17:06:49 ERROR  [base.TestCaseListener] [main] 97: no such element: Unable to locate element: {"method":"id","selector":"loginName"}
  (Session info: chrome=53.0.2785.143)
  (Driver info: chromedriver=2.19.346078 (6f1f0cde889532d48ce8242342d0b84f94b114a1),platform=Windows NT 6.1 SP1 x86_64) (WARNING: The server did not provide any stacktrace information)
Command duration or timeout: 11.07 seconds
For documentation on this error, please visit: http://seleniumhq.org/exceptions/no_such_element.html
Build info: version: '2.45.0', revision: '32a636c', time: '2015-03-05 22:01:35'
System info: host: 'JOLIN-20150326Q', ip: '192.168.15.0', os.name: 'Windows 7', os.arch: 'amd64', os.version: '6.1', java.version: '1.7.0_67'
*** Element info: {Using=id, value=loginName}
Session ID: b7ff21c476afa2d418e0bff940e527f5
Driver info: org.openqa.selenium.chrome.ChromeDriver
Capabilities [{platform=XP, acceptSslCerts=true, javascriptEnabled=true, browserName=chrome, chrome={userDataDir=C:\Users\ADMINI~1\AppData\Local\Temp\scoped_dir9644_14439}, rotatable=false, locationContextEnabled=true, mobileEmulationEnabled=false, version=53.0.2785.143, takesHeapSnapshot=true, cssSelectorsEnabled=true, databaseEnabled=false, handlesAlerts=true, browserConnectionEnabled=false, webStorageEnabled=true, nativeEvents=true, hasTouchScreen=false, applicationCacheEnabled=false, takesScreenshot=true}]
2016-11-10 17:06:49 INFO   [pages.LoginPage] [main] 40: 登录成功！
2016-11-10 17:06:50 INFO   [base.TestCaseListener] [main] 63: 即将点击按钮：资产维护
2016-11-10 17:06:52 INFO   [base.TestCaseListener] [main] 78: afterClickOn is worked!
2016-11-10 17:06:53 INFO   [base.TestCaseListener] [main] 63: 即将点击按钮：删除
2016-11-10 17:06:55 INFO   [base.TestCaseListener] [main] 78: afterClickOn is worked!
2016-11-10 17:06:56 INFO   [base.TestCaseListener] [main] 63: 即将点击按钮：探索任务管理
2016-11-10 17:06:56 ERROR  [base.TestCaseListener] [main] 93: 获取到的错误方法是：testcase.DebugCase.loginAmr
2016-11-10 17:06:56 ERROR  [base.TestCaseListener] [main] 97: unknown error: Element is not clickable at point (407, 74). Other element would receive the click: <div class="layui-layer-shade" id="layui-layer-shade3" times="3" style="z-index:19891016; background-color:#000; opacity:0.3; filter:alpha(opacity=30);"></div>
  (Session info: chrome=53.0.2785.143)
  (Driver info: chromedriver=2.19.346078 (6f1f0cde889532d48ce8242342d0b84f94b114a1),platform=Windows NT 6.1 SP1 x86_64) (WARNING: The server did not provide any stacktrace information)
Command duration or timeout: 249 milliseconds
Build info: version: '2.45.0', revision: '32a636c', time: '2015-03-05 22:01:35'
System info: host: 'JOLIN-20150326Q', ip: '192.168.15.0', os.name: 'Windows 7', os.arch: 'amd64', os.version: '6.1', java.version: '1.7.0_67'
Session ID: b7ff21c476afa2d418e0bff940e527f5
Driver info: org.openqa.selenium.chrome.ChromeDriver
Capabilities [{platform=XP, acceptSslCerts=true, javascriptEnabled=true, browserName=chrome, chrome={userDataDir=C:\Users\ADMINI~1\AppData\Local\Temp\scoped_dir9644_14439}, rotatable=false, locationContextEnabled=true, mobileEmulationEnabled=false, version=53.0.2785.143, takesHeapSnapshot=true, cssSelectorsEnabled=true, databaseEnabled=false, handlesAlerts=true, browserConnectionEnabled=false, webStorageEnabled=true, nativeEvents=true, hasTouchScreen=false, applicationCacheEnabled=false, takesScreenshot=true}]
2016-11-10 17:06:56 ERROR  [base.TestCaseListener] [main] 105: unknown error: Element is not clickable at point (407, 74). Other element would receive the click: <div class="layui-layer-shade" id="layui-layer-shade3" times="3" style="z-index:19891016; background-color:#000; opacity:0.3; filter:alpha(opacity=30);"></div>
  (Session info: chrome=53.0.2785.143)
  (Driver info: chromedriver=2.19.346078 (6f1f0cde889532d48ce8242342d0b84f94b114a1),platform=Windows NT 6.1 SP1 x86_64) (WARNING: The server did not provide any stacktrace information)
Command duration or timeout: 249 milliseconds
Build info: version: '2.45.0', revision: '32a636c', time: '2015-03-05 22:01:35'
System info: host: 'JOLIN-20150326Q', ip: '192.168.15.0', os.name: 'Windows 7', os.arch: 'amd64', os.version: '6.1', java.version: '1.7.0_67'
Session ID: b7ff21c476afa2d418e0bff940e527f5
Driver info: org.openqa.selenium.chrome.ChromeDriver
Capabilities [{platform=XP, acceptSslCerts=true, javascriptEnabled=true, browserName=chrome, chrome={userDataDir=C:\Users\ADMINI~1\AppData\Local\Temp\scoped_dir9644_14439}, rotatable=false, locationContextEnabled=true, mobileEmulationEnabled=false, version=53.0.2785.143, takesHeapSnapshot=true, cssSelectorsEnabled=true, databaseEnabled=false, handlesAlerts=true, browserConnectionEnabled=false, webStorageEnabled=true, nativeEvents=true, hasTouchScreen=false, applicationCacheEnabled=false, takesScreenshot=true}]
2016-11-10 17:07:05 INFO   [base.TestCaseListener] [main] 115: 用例testcase.DebugCase执行失败，截图路径：./test-output/errorImage\2016_11_10_17_06_57.jpg
2016-11-10 17:07:05 INFO   [testcase.DebugCase] [main] 34: broswer is tear down!
2016-11-10 17:10:44 INFO   [base.TestProperties] [main] 20: property file C:\GitHub\MyAutoTest\.\conf\system.properties is loaded!!
2016-11-10 17:10:44 INFO   [base.TestProperties] [main] 20: property file C:\GitHub\MyAutoTest\.\conf\system.properties is loaded!!
2016-11-10 17:10:51 INFO   [base.SetUpProAndBrowser] [main] 49: ChromeDriver has been started!
2016-11-10 17:10:54 INFO   [base.TestCaseListener] [main] 108: Navigate to the url is :http://192.168.186.66
2016-11-10 17:10:54 INFO   [base.TestCaseListener] [main] 46: beforeChangeValueOf is worked!
2016-11-10 17:10:56 INFO   [base.TestCaseListener] [main] 46: beforeChangeValueOf is worked!
2016-11-10 17:10:57 INFO   [base.TestCaseListener] [main] 65: 即将点击按钮：登 录
2016-11-10 17:11:07 ERROR  [base.TestCaseListener] [main] 129: Timed out after 5 seconds waiting for alert to be present
Build info: version: '2.45.0', revision: '32a636c', time: '2015-03-05 22:01:35'
System info: host: 'JOLIN-20150326Q', ip: '192.168.15.0', os.name: 'Windows 7', os.arch: 'amd64', os.version: '6.1', java.version: '1.7.0_67'
Driver info: com.sun.proxy.$Proxy8
2016-11-10 17:11:11 INFO   [base.TestCaseListener] [main] 139: 用例testcase.DebugCase执行失败，截图路径：./test-output/errorImage\2016_11_10_17_11_08.jpg
2016-11-10 17:11:11 INFO   [testcase.DebugCase] [main] 34: broswer is tear down!
2016-11-10 17:16:22 INFO   [base.TestProperties] [main] 20: property file C:\GitHub\MyAutoTest\.\conf\system.properties is loaded!!
2016-11-10 17:16:23 INFO   [base.TestProperties] [main] 20: property file C:\GitHub\MyAutoTest\.\conf\system.properties is loaded!!
2016-11-10 17:16:30 INFO   [base.SetUpProAndBrowser] [main] 49: ChromeDriver has been started!
2016-11-10 17:16:33 INFO   [base.TestCaseListener] [main] 109: Navigate to the url is :http://192.168.186.66
2016-11-10 17:16:33 INFO   [base.TestCaseListener] [main] 46: beforeChangeValueOf is worked!
2016-11-10 17:16:35 INFO   [base.TestCaseListener] [main] 46: beforeChangeValueOf is worked!
2016-11-10 17:16:37 INFO   [base.TestCaseListener] [main] 65: 即将点击按钮：登 录
2016-11-10 17:16:45 ERROR  [base.TestCaseListener] [main] 130: Timed out after 3 seconds waiting for alert to be present
Build info: version: '2.45.0', revision: '32a636c', time: '2015-03-05 22:01:35'
System info: host: 'JOLIN-20150326Q', ip: '192.168.15.0', os.name: 'Windows 7', os.arch: 'amd64', os.version: '6.1', java.version: '1.7.0_67'
Driver info: com.sun.proxy.$Proxy8
2016-11-10 17:16:49 INFO   [base.TestCaseListener] [main] 140: 用例testcase.DebugCase执行失败，截图路径：./test-output/errorImage\2016_11_10_17_16_46.jpg
2016-11-10 17:16:49 INFO   [testcase.DebugCase] [main] 34: broswer is tear down!
2016-11-10 17:20:25 INFO   [base.TestProperties] [main] 20: property file C:\GitHub\MyAutoTest\.\conf\system.properties is loaded!!
2016-11-10 17:20:25 INFO   [base.TestProperties] [main] 20: property file C:\GitHub\MyAutoTest\.\conf\system.properties is loaded!!
2016-11-10 17:20:34 INFO   [base.SetUpProAndBrowser] [main] 49: ChromeDriver has been started!
2016-11-10 17:20:37 INFO   [base.TestCaseListener] [main] 109: Navigate to the url is :http://192.168.186.66
2016-11-10 17:20:37 INFO   [base.TestCaseListener] [main] 46: beforeChangeValueOf is worked!
2016-11-10 17:20:39 INFO   [base.TestCaseListener] [main] 46: beforeChangeValueOf is worked!
2016-11-10 17:20:42 INFO   [base.TestCaseListener] [main] 65: 即将点击按钮：登 录
2016-11-10 17:20:50 INFO   [testcase.DebugCase] [main] 34: broswer is tear down!
2016-11-10 17:24:00 INFO   [base.TestProperties] [main] 20: property file C:\GitHub\MyAutoTest\.\conf\system.properties is loaded!!
2016-11-10 17:24:01 INFO   [base.TestProperties] [main] 20: property file C:\GitHub\MyAutoTest\.\conf\system.properties is loaded!!
2016-11-10 17:24:06 INFO   [base.SetUpProAndBrowser] [main] 49: ChromeDriver has been started!
2016-11-10 17:24:09 INFO   [base.TestCaseListener] [main] 109: Navigate to the url is :http://192.168.186.66
2016-11-10 17:24:10 INFO   [base.TestCaseListener] [main] 46: beforeChangeValueOf is worked!
2016-11-10 17:24:11 INFO   [base.TestCaseListener] [main] 46: beforeChangeValueOf is worked!
2016-11-10 17:24:13 INFO   [base.TestCaseListener] [main] 65: 即将点击按钮：登 录
2016-11-10 17:24:28 INFO   [testcase.DebugCase] [main] 34: broswer is tear down!
2016-11-10 17:26:06 INFO   [base.TestProperties] [main] 20: property file C:\GitHub\MyAutoTest\.\conf\system.properties is loaded!!
2016-11-10 17:26:07 INFO   [base.TestProperties] [main] 20: property file C:\GitHub\MyAutoTest\.\conf\system.properties is loaded!!
2016-11-10 17:26:13 INFO   [base.SetUpProAndBrowser] [main] 49: ChromeDriver has been started!
2016-11-10 17:26:16 INFO   [base.TestCaseListener] [main] 111: Navigate to the url is :http://192.168.186.66
2016-11-10 17:26:16 INFO   [base.TestCaseListener] [main] 46: beforeChangeValueOf is worked!
2016-11-10 17:26:18 INFO   [base.TestCaseListener] [main] 46: beforeChangeValueOf is worked!
2016-11-10 17:26:19 INFO   [base.TestCaseListener] [main] 65: 即将点击按钮：登 录
2016-11-10 17:26:38 ERROR  [base.TestCaseListener] [main] 120: 获取到的错误方法是：testcase.DebugCase.loginAmr
2016-11-10 17:26:38 ERROR  [base.TestCaseListener] [main] 124: no such element: Unable to locate element: {"method":"id","selector":"loginName"}
  (Session info: chrome=53.0.2785.143)
  (Driver info: chromedriver=2.19.346078 (6f1f0cde889532d48ce8242342d0b84f94b114a1),platform=Windows NT 6.1 SP1 x86_64) (WARNING: The server did not provide any stacktrace information)
Command duration or timeout: 10.04 seconds
For documentation on this error, please visit: http://seleniumhq.org/exceptions/no_such_element.html
Build info: version: '2.45.0', revision: '32a636c', time: '2015-03-05 22:01:35'
System info: host: 'JOLIN-20150326Q', ip: '192.168.15.0', os.name: 'Windows 7', os.arch: 'amd64', os.version: '6.1', java.version: '1.7.0_67'
*** Element info: {Using=id, value=loginName}
Session ID: a8dee3ef77c3bc835364e64f55bf6c76
Driver info: org.openqa.selenium.chrome.ChromeDriver
Capabilities [{platform=XP, acceptSslCerts=true, javascriptEnabled=true, browserName=chrome, chrome={userDataDir=C:\Users\ADMINI~1\AppData\Local\Temp\scoped_dir7936_190}, rotatable=false, locationContextEnabled=true, mobileEmulationEnabled=false, version=53.0.2785.143, takesHeapSnapshot=true, cssSelectorsEnabled=true, databaseEnabled=false, handlesAlerts=true, browserConnectionEnabled=false, webStorageEnabled=true, nativeEvents=true, hasTouchScreen=false, applicationCacheEnabled=false, takesScreenshot=true}]
2016-11-10 17:26:38 INFO   [pages.LoginPage] [main] 40: 登录成功！
2016-11-10 17:26:39 INFO   [base.TestCaseListener] [main] 67: 即将点击按钮：资产维护
2016-11-10 17:26:44 INFO   [base.TestCaseListener] [main] 67: 即将点击按钮：删除
2016-11-10 17:26:50 INFO   [base.TestCaseListener] [main] 67: 即将点击按钮：探索任务管理
2016-11-10 17:26:51 ERROR  [base.TestCaseListener] [main] 120: 获取到的错误方法是：testcase.DebugCase.loginAmr
2016-11-10 17:26:51 ERROR  [base.TestCaseListener] [main] 124: unknown error: Element is not clickable at point (407, 74). Other element would receive the click: <div class="layui-layer-shade" id="layui-layer-shade3" times="3" style="z-index:19891016; background-color:#000; opacity:0.3; filter:alpha(opacity=30);"></div>
  (Session info: chrome=53.0.2785.143)
  (Driver info: chromedriver=2.19.346078 (6f1f0cde889532d48ce8242342d0b84f94b114a1),platform=Windows NT 6.1 SP1 x86_64) (WARNING: The server did not provide any stacktrace information)
Command duration or timeout: 252 milliseconds
Build info: version: '2.45.0', revision: '32a636c', time: '2015-03-05 22:01:35'
System info: host: 'JOLIN-20150326Q', ip: '192.168.15.0', os.name: 'Windows 7', os.arch: 'amd64', os.version: '6.1', java.version: '1.7.0_67'
Session ID: a8dee3ef77c3bc835364e64f55bf6c76
Driver info: org.openqa.selenium.chrome.ChromeDriver
Capabilities [{platform=XP, acceptSslCerts=true, javascriptEnabled=true, browserName=chrome, chrome={userDataDir=C:\Users\ADMINI~1\AppData\Local\Temp\scoped_dir7936_190}, rotatable=false, locationContextEnabled=true, mobileEmulationEnabled=false, version=53.0.2785.143, takesHeapSnapshot=true, cssSelectorsEnabled=true, databaseEnabled=false, handlesAlerts=true, browserConnectionEnabled=false, webStorageEnabled=true, nativeEvents=true, hasTouchScreen=false, applicationCacheEnabled=false, takesScreenshot=true}]
2016-11-10 17:26:51 ERROR  [base.TestCaseListener] [main] 157: unknown error: Element is not clickable at point (407, 74). Other element would receive the click: <div class="layui-layer-shade" id="layui-layer-shade3" times="3" style="z-index:19891016; background-color:#000; opacity:0.3; filter:alpha(opacity=30);"></div>
  (Session info: chrome=53.0.2785.143)
  (Driver info: chromedriver=2.19.346078 (6f1f0cde889532d48ce8242342d0b84f94b114a1),platform=Windows NT 6.1 SP1 x86_64) (WARNING: The server did not provide any stacktrace information)
Command duration or timeout: 252 milliseconds
Build info: version: '2.45.0', revision: '32a636c', time: '2015-03-05 22:01:35'
System info: host: 'JOLIN-20150326Q', ip: '192.168.15.0', os.name: 'Windows 7', os.arch: 'amd64', os.version: '6.1', java.version: '1.7.0_67'
Session ID: a8dee3ef77c3bc835364e64f55bf6c76
Driver info: org.openqa.selenium.chrome.ChromeDriver
Capabilities [{platform=XP, acceptSslCerts=true, javascriptEnabled=true, browserName=chrome, chrome={userDataDir=C:\Users\ADMINI~1\AppData\Local\Temp\scoped_dir7936_190}, rotatable=false, locationContextEnabled=true, mobileEmulationEnabled=false, version=53.0.2785.143, takesHeapSnapshot=true, cssSelectorsEnabled=true, databaseEnabled=false, handlesAlerts=true, browserConnectionEnabled=false, webStorageEnabled=true, nativeEvents=true, hasTouchScreen=false, applicationCacheEnabled=false, takesScreenshot=true}]
2016-11-10 17:26:54 INFO   [base.TestCaseListener] [main] 167: 用例testcase.DebugCase执行失败，截图路径：./test-output/errorImage\2016_11_10_17_26_51.jpg
2016-11-10 17:26:54 INFO   [testcase.DebugCase] [main] 34: broswer is tear down!
2016-11-10 17:29:05 INFO   [base.TestProperties] [main] 20: property file C:\GitHub\MyAutoTest\.\conf\system.properties is loaded!!
2016-11-10 17:29:06 INFO   [base.TestProperties] [main] 20: property file C:\GitHub\MyAutoTest\.\conf\system.properties is loaded!!
2016-11-10 17:29:13 INFO   [base.SetUpProAndBrowser] [main] 49: ChromeDriver has been started!
2016-11-10 17:29:16 INFO   [base.TestCaseListener] [main] 111: Navigate to the url is :http://192.168.186.66
2016-11-10 17:29:16 INFO   [base.TestCaseListener] [main] 46: beforeChangeValueOf is worked!
2016-11-10 17:29:19 INFO   [base.TestCaseListener] [main] 46: beforeChangeValueOf is worked!
2016-11-10 17:29:21 INFO   [base.TestCaseListener] [main] 65: 即将点击按钮：登 录
2016-11-10 17:29:39 ERROR  [base.TestCaseListener] [main] 120: 获取到的错误方法是：testcase.DebugCase.loginAmr
2016-11-10 17:29:39 ERROR  [base.TestCaseListener] [main] 124: no such element: Unable to locate element: {"method":"id","selector":"loginName"}
  (Session info: chrome=53.0.2785.143)
  (Driver info: chromedriver=2.19.346078 (6f1f0cde889532d48ce8242342d0b84f94b114a1),platform=Windows NT 6.1 SP1 x86_64) (WARNING: The server did not provide any stacktrace information)
Command duration or timeout: 10.03 seconds
For documentation on this error, please visit: http://seleniumhq.org/exceptions/no_such_element.html
Build info: version: '2.45.0', revision: '32a636c', time: '2015-03-05 22:01:35'
System info: host: 'JOLIN-20150326Q', ip: '192.168.15.0', os.name: 'Windows 7', os.arch: 'amd64', os.version: '6.1', java.version: '1.7.0_67'
*** Element info: {Using=id, value=loginName}
Session ID: f9c43d546b6ba5a8edf50b05c8d7b189
Driver info: org.openqa.selenium.chrome.ChromeDriver
Capabilities [{platform=XP, acceptSslCerts=true, javascriptEnabled=true, browserName=chrome, chrome={userDataDir=C:\Users\ADMINI~1\AppData\Local\Temp\scoped_dir4772_17765}, rotatable=false, locationContextEnabled=true, mobileEmulationEnabled=false, version=53.0.2785.143, takesHeapSnapshot=true, cssSelectorsEnabled=true, databaseEnabled=false, handlesAlerts=true, browserConnectionEnabled=false, webStorageEnabled=true, nativeEvents=true, hasTouchScreen=false, applicationCacheEnabled=false, takesScreenshot=true}]
2016-11-10 17:29:39 INFO   [pages.LoginPage] [main] 40: 登录成功！
2016-11-10 17:29:39 INFO   [base.TestCaseListener] [main] 67: 即将点击按钮：资产维护
2016-11-10 17:29:45 INFO   [base.TestCaseListener] [main] 67: 即将点击按钮：探索任务管理
2016-11-10 17:29:53 INFO   [base.TestCaseListener] [main] 178: 用例DebugCase.loginAmr()[pri:0, instance:testcase.DebugCase@10e73e0]执行成功了
2016-11-10 17:29:53 INFO   [base.TestCaseListener] [main] 179: []
2016-11-10 17:29:53 INFO   [testcase.DebugCase] [main] 34: broswer is tear down!
2016-11-10 17:37:37 INFO   [base.TestProperties] [main] 20: property file C:\GitHub\MyAutoTest\.\conf\system.properties is loaded!!
2016-11-10 17:37:37 INFO   [base.TestProperties] [main] 20: property file C:\GitHub\MyAutoTest\.\conf\system.properties is loaded!!
2016-11-10 17:37:43 INFO   [base.SetUpProAndBrowser] [main] 49: ChromeDriver has been started!
2016-11-10 17:37:47 INFO   [base.TestCaseListener] [main] 111: Navigate to the url is :http://192.168.186.66
2016-11-10 17:37:48 INFO   [base.TestCaseListener] [main] 46: beforeChangeValueOf is worked!
2016-11-10 17:37:50 INFO   [base.TestCaseListener] [main] 46: beforeChangeValueOf is worked!
2016-11-10 17:37:52 INFO   [base.TestCaseListener] [main] 65: 即将点击按钮：登 录
2016-11-10 17:38:10 ERROR  [base.TestCaseListener] [main] 120: 获取到的错误方法是：testcase.DebugCase.loginAmr
2016-11-10 17:38:10 ERROR  [base.TestCaseListener] [main] 124: no such element: Unable to locate element: {"method":"id","selector":"loginName"}
  (Session info: chrome=53.0.2785.143)
  (Driver info: chromedriver=2.19.346078 (6f1f0cde889532d48ce8242342d0b84f94b114a1),platform=Windows NT 6.1 SP1 x86_64) (WARNING: The server did not provide any stacktrace information)
Command duration or timeout: 10.07 seconds
For documentation on this error, please visit: http://seleniumhq.org/exceptions/no_such_element.html
Build info: version: '2.45.0', revision: '32a636c', time: '2015-03-05 22:01:35'
System info: host: 'JOLIN-20150326Q', ip: '192.168.15.0', os.name: 'Windows 7', os.arch: 'amd64', os.version: '6.1', java.version: '1.7.0_67'
*** Element info: {Using=id, value=loginName}
Session ID: 8655769ec95dabe8bc881767d5835070
Driver info: org.openqa.selenium.chrome.ChromeDriver
Capabilities [{platform=XP, acceptSslCerts=true, javascriptEnabled=true, browserName=chrome, chrome={userDataDir=C:\Users\ADMINI~1\AppData\Local\Temp\scoped_dir9688_4101}, rotatable=false, locationContextEnabled=true, mobileEmulationEnabled=false, version=53.0.2785.143, takesHeapSnapshot=true, cssSelectorsEnabled=true, databaseEnabled=false, handlesAlerts=true, browserConnectionEnabled=false, webStorageEnabled=true, nativeEvents=true, hasTouchScreen=false, applicationCacheEnabled=false, takesScreenshot=true}]
2016-11-10 17:38:10 INFO   [pages.LoginPage] [main] 40: 登录成功！
2016-11-10 17:38:10 INFO   [base.TestCaseListener] [main] 67: 即将点击按钮：资产维护
2016-11-10 17:38:15 INFO   [base.TestCaseListener] [main] 67: 即将点击按钮：删除
2016-11-10 17:38:21 INFO   [base.TestCaseListener] [main] 67: 即将点击按钮：取消
2016-11-10 17:38:26 INFO   [base.TestCaseListener] [main] 67: 即将点击按钮：探索任务管理
2016-11-10 17:38:30 INFO   [base.TestCaseListener] [main] 178: 用例DebugCase.loginAmr()[pri:0, instance:testcase.DebugCase@7681720a]执行成功了
2016-11-10 17:38:30 INFO   [base.TestCaseListener] [main] 179: []
2016-11-10 17:38:30 INFO   [testcase.DebugCase] [main] 34: broswer is tear down!
2016-11-10 17:42:32 INFO   [base.TestProperties] [main] 20: property file C:\GitHub\MyAutoTest\.\conf\system.properties is loaded!!
2016-11-10 17:42:33 INFO   [base.TestProperties] [main] 20: property file C:\GitHub\MyAutoTest\.\conf\system.properties is loaded!!
2016-11-10 17:42:42 INFO   [base.SetUpProAndBrowser] [main] 49: ChromeDriver has been started!
2016-11-10 17:42:46 INFO   [base.TestCaseListener] [main] 88: Navigate to the url is :http://192.168.186.66
2016-11-10 17:42:47 INFO   [base.TestCaseListener] [main] 46: beforeChangeValueOf is worked!
2016-11-10 17:42:49 INFO   [base.TestCaseListener] [main] 46: beforeChangeValueOf is worked!
2016-11-10 17:42:52 INFO   [base.TestCaseListener] [main] 65: 即将点击按钮：登 录
2016-11-10 17:43:07 ERROR  [base.TestCaseListener] [main] 97: 获取到的错误方法是：testcase.DebugCase.loginAmr
2016-11-10 17:43:07 ERROR  [base.TestCaseListener] [main] 101: no such element: Unable to locate element: {"method":"id","selector":"loginName"}
  (Session info: chrome=53.0.2785.143)
  (Driver info: chromedriver=2.19.346078 (6f1f0cde889532d48ce8242342d0b84f94b114a1),platform=Windows NT 6.1 SP1 x86_64) (WARNING: The server did not provide any stacktrace information)
Command duration or timeout: 11.25 seconds
For documentation on this error, please visit: http://seleniumhq.org/exceptions/no_such_element.html
Build info: version: '2.45.0', revision: '32a636c', time: '2015-03-05 22:01:35'
System info: host: 'JOLIN-20150326Q', ip: '192.168.15.0', os.name: 'Windows 7', os.arch: 'amd64', os.version: '6.1', java.version: '1.7.0_67'
*** Element info: {Using=id, value=loginName}
Session ID: d6c76ca32caeaf27d638ee0742ae1b19
Driver info: org.openqa.selenium.chrome.ChromeDriver
Capabilities [{platform=XP, acceptSslCerts=true, javascriptEnabled=true, browserName=chrome, chrome={userDataDir=C:\Users\ADMINI~1\AppData\Local\Temp\scoped_dir10320_31276}, rotatable=false, locationContextEnabled=true, mobileEmulationEnabled=false, version=53.0.2785.143, takesHeapSnapshot=true, cssSelectorsEnabled=true, databaseEnabled=false, handlesAlerts=true, browserConnectionEnabled=false, webStorageEnabled=true, nativeEvents=true, hasTouchScreen=false, applicationCacheEnabled=false, takesScreenshot=true}]
2016-11-10 17:43:07 INFO   [pages.LoginPage] [main] 40: 登录成功！
2016-11-10 17:43:08 INFO   [base.TestCaseListener] [main] 67: 即将点击按钮：资产维护
2016-11-10 17:43:12 INFO   [base.TestCaseListener] [main] 67: 即将点击按钮：删除
2016-11-10 17:43:14 INFO   [base.TestCaseListener] [main] 67: 即将点击按钮：取消
2016-11-10 17:43:18 INFO   [base.TestCaseListener] [main] 67: 即将点击按钮：探索任务管理
2016-11-10 17:43:21 INFO   [base.TestCaseListener] [main] 154: 用例DebugCase.loginAmr()[pri:0, instance:testcase.DebugCase@6b7b9f29]执行成功了
2016-11-10 17:43:21 INFO   [base.TestCaseListener] [main] 155: []
2016-11-10 17:43:21 INFO   [testcase.DebugCase] [main] 34: broswer is tear down!
2016-11-10 17:45:47 INFO   [base.TestProperties] [main] 20: property file C:\GitHub\MyAutoTest\.\conf\system.properties is loaded!!
2016-11-10 17:45:48 INFO   [base.TestProperties] [main] 20: property file C:\GitHub\MyAutoTest\.\conf\system.properties is loaded!!
2016-11-10 17:45:55 INFO   [base.SetUpProAndBrowser] [main] 49: ChromeDriver has been started!
2016-11-10 17:45:58 INFO   [base.TestCaseListener] [main] 88: Navigate to the url is :http://192.168.186.66
2016-11-10 17:45:58 INFO   [base.TestCaseListener] [main] 46: beforeChangeValueOf is worked!
2016-11-10 17:46:00 INFO   [base.TestCaseListener] [main] 46: beforeChangeValueOf is worked!
2016-11-10 17:46:02 INFO   [base.TestCaseListener] [main] 65: 即将点击按钮：登 录
2016-11-10 17:46:19 ERROR  [base.TestCaseListener] [main] 97: 获取到的错误方法是：testcase.DebugCase.loginAmr,行数是：23
2016-11-10 17:46:19 ERROR  [base.TestCaseListener] [main] 101: no such element: Unable to locate element: {"method":"id","selector":"loginName"}
  (Session info: chrome=53.0.2785.143)
  (Driver info: chromedriver=2.19.346078 (6f1f0cde889532d48ce8242342d0b84f94b114a1),platform=Windows NT 6.1 SP1 x86_64) (WARNING: The server did not provide any stacktrace information)
Command duration or timeout: 10.64 seconds
For documentation on this error, please visit: http://seleniumhq.org/exceptions/no_such_element.html
Build info: version: '2.45.0', revision: '32a636c', time: '2015-03-05 22:01:35'
System info: host: 'JOLIN-20150326Q', ip: '192.168.15.0', os.name: 'Windows 7', os.arch: 'amd64', os.version: '6.1', java.version: '1.7.0_67'
*** Element info: {Using=id, value=loginName}
Session ID: 352c106748f618b5874826c444a33d38
Driver info: org.openqa.selenium.chrome.ChromeDriver
Capabilities [{platform=XP, acceptSslCerts=true, javascriptEnabled=true, browserName=chrome, chrome={userDataDir=C:\Users\ADMINI~1\AppData\Local\Temp\scoped_dir9452_18721}, rotatable=false, locationContextEnabled=true, mobileEmulationEnabled=false, version=53.0.2785.143, takesHeapSnapshot=true, cssSelectorsEnabled=true, databaseEnabled=false, handlesAlerts=true, browserConnectionEnabled=false, webStorageEnabled=true, nativeEvents=true, hasTouchScreen=false, applicationCacheEnabled=false, takesScreenshot=true}]
2016-11-10 17:46:19 INFO   [pages.LoginPage] [main] 40: 登录成功！
2016-11-10 17:46:19 INFO   [base.TestCaseListener] [main] 67: 即将点击按钮：资产维护
2016-11-10 17:46:22 INFO   [base.TestCaseListener] [main] 67: 即将点击按钮：删除
2016-11-10 17:46:25 INFO   [base.TestCaseListener] [main] 67: 即将点击按钮：取消
2016-11-10 17:46:28 INFO   [base.TestCaseListener] [main] 67: 即将点击按钮：探索任务管理
2016-11-10 17:46:31 INFO   [base.TestCaseListener] [main] 154: 用例DebugCase.loginAmr()[pri:0, instance:testcase.DebugCase@223f6902]执行成功了
2016-11-10 17:46:31 INFO   [base.TestCaseListener] [main] 155: []
2016-11-10 17:46:31 INFO   [testcase.DebugCase] [main] 34: broswer is tear down!
